<?xml version="1.0" encoding="UTF-8"?>
<!-- Generated by org.testng.reporters.JUnitXMLReporter -->
<testsuite ignored="0" hostname="LAPTOP-74TS1VRG" failures="1" tests="2" name="OpenCart Tests" time="15.553" errors="0" timestamp="2021-06-25T16:35:06 EDT">
  <testcase classname="testCases.TC_001_AccountRegistration" name="test_account_Registration" time="4.995">
    <failure type="java.lang.AssertionError" message="expected [true] but found [false]">
      <![CDATA[java.lang.AssertionError: expected [true] but found [false]
at testCases.TC_001_AccountRegistration.test_account_Registration(TC_001_AccountRegistration.java:74)
at java.base/java.util.ArrayList.forEach(ArrayList.java:1511)
... Removed 31 stack frames]]>
    </failure>
  </testcase> <!-- test_account_Registration -->
  <testcase classname="testCases.TC_002_Login" name="testLogin" time="4.105"/>
</testsuite> <!-- OpenCart Tests -->
